SF:lib\data\models\tv_show_detail_model.dart
DA:19,4
DA:34,2
DA:35,2
DA:36,2
DA:37,2
DA:38,4
DA:39,4
DA:42,2
DA:43,2
DA:44,2
DA:45,2
DA:46,2
DA:47,2
DA:48,2
DA:49,2
DA:50,4
DA:51,4
DA:54,4
DA:55,2
DA:59,1
DA:60,1
DA:61,1
DA:62,5
DA:63,1
DA:64,1
DA:65,1
DA:66,1
DA:67,1
DA:68,1
DA:69,1
DA:70,5
DA:71,1
DA:72,1
DA:76,1
DA:77,1
DA:78,1
DA:79,5
DA:80,1
DA:81,1
DA:82,1
DA:83,1
DA:84,1
DA:85,1
DA:86,1
DA:87,5
DA:88,1
DA:89,1
DA:93,2
DA:94,2
DA:95,2
DA:96,2
DA:97,2
DA:98,2
DA:99,2
DA:100,2
DA:101,2
DA:102,2
DA:103,2
DA:104,2
DA:105,2
DA:106,2
LF:61
LH:61
end_of_record
SF:lib\data\datasources\tv_show_remote_data_source.dart
DA:25,1
DA:28,1
DA:29,2
DA:31,3
DA:33,2
DA:34,4
DA:37,1
DA:41,1
DA:42,2
DA:44,3
DA:46,2
DA:47,4
DA:50,1
DA:54,1
DA:55,2
DA:57,3
DA:59,2
DA:60,4
DA:63,1
DA:67,1
DA:68,2
DA:70,3
DA:72,2
DA:73,3
DA:76,1
DA:80,1
DA:81,2
DA:83,3
DA:85,2
DA:86,4
DA:89,1
DA:93,1
DA:94,2
DA:96,3
DA:98,2
DA:99,4
DA:102,1
DA:106,1
DA:107,2
DA:109,3
DA:111,2
DA:112,4
DA:115,1
LF:43
LH:43
end_of_record
SF:lib\data\datasources\tv_show_local_data_source.dart
DA:18,1
DA:21,1
DA:23,3
DA:27,2
DA:32,1
DA:34,3
DA:38,2
DA:43,1
DA:45,3
DA:47,1
DA:51,2
DA:56,1
DA:58,3
DA:60,4
DA:62,2
LF:15
LH:15
end_of_record
SF:lib\data\models\tv_show_table.dart
DA:12,3
DA:20,1
DA:21,1
DA:22,1
DA:23,1
DA:24,1
DA:25,1
DA:29,1
DA:30,1
DA:31,1
DA:32,1
DA:33,1
DA:34,1
DA:38,1
DA:39,1
DA:40,1
DA:41,1
DA:42,1
DA:43,1
DA:45,2
DA:49,1
DA:50,1
DA:51,1
DA:52,1
DA:53,1
DA:54,1
DA:58,2
DA:59,10
LF:28
LH:28
end_of_record
SF:lib\data\models\episode_model.dart
DA:11,5
DA:19,2
DA:20,2
DA:21,2
DA:22,2
DA:23,2
DA:24,2
DA:25,2
DA:29,1
DA:30,1
DA:31,1
DA:32,1
DA:33,1
DA:34,1
DA:35,1
DA:39,2
DA:40,2
DA:41,2
DA:42,2
DA:43,2
DA:44,2
DA:45,2
DA:49,2
DA:50,2
DA:51,2
DA:52,2
DA:53,2
DA:54,2
DA:55,2
LF:29
LH:29
end_of_record
SF:lib\domain\entities\episode.dart
DA:10,19
DA:18,3
DA:19,3
DA:20,3
DA:21,3
DA:22,3
DA:23,3
DA:24,3
LF:8
LH:8
end_of_record
SF:lib\data\models\episode_response.dart
DA:7,3
DA:9,2
DA:10,2
DA:11,2
DA:12,4
DA:13,4
DA:19,1
DA:20,1
DA:21,5
DA:25,1
DA:26,2
LF:11
LH:11
end_of_record
SF:lib\data\models\season_model.dart
DA:12,4
DA:21,2
DA:22,2
DA:23,2
DA:24,2
DA:25,2
DA:26,2
DA:27,2
DA:28,2
DA:32,1
DA:33,1
DA:34,1
DA:35,1
DA:36,1
DA:37,1
DA:38,1
DA:39,1
DA:43,1
DA:44,1
DA:45,1
DA:46,1
DA:47,1
DA:48,1
DA:49,1
DA:50,1
DA:54,2
DA:55,2
DA:56,2
DA:57,2
DA:58,2
DA:59,2
DA:60,2
DA:61,2
LF:33
LH:33
end_of_record
SF:lib\domain\entities\season.dart
DA:11,16
DA:20,2
DA:21,2
DA:22,2
DA:23,2
DA:24,2
DA:25,2
DA:26,2
DA:27,2
LF:9
LH:9
end_of_record
SF:lib\data\models\tv_show_model.dart
DA:10,5
DA:17,2
DA:18,2
DA:19,2
DA:20,2
DA:21,2
DA:22,2
DA:26,1
DA:27,1
DA:28,1
DA:29,1
DA:30,1
DA:31,1
DA:35,2
DA:36,2
DA:37,2
DA:38,2
DA:39,2
DA:40,2
DA:44,2
DA:45,10
LF:21
LH:21
end_of_record
SF:lib\domain\entities\tv_show.dart
DA:9,19
DA:16,16
DA:23,8
DA:24,40
LF:4
LH:4
end_of_record
SF:lib\data\models\tv_show_response.dart
DA:7,3
DA:9,2
DA:10,2
DA:11,2
DA:12,4
DA:13,4
DA:19,1
DA:20,1
DA:21,5
DA:25,1
DA:26,2
LF:11
LH:11
end_of_record
SF:lib\data\repositories\tv_show_repository_impl.dart
DA:10,1
DA:16,1
DA:18,3
DA:20,5
DA:21,1
DA:23,1
DA:25,1
DA:31,1
DA:33,3
DA:35,5
DA:36,1
DA:38,1
DA:40,1
DA:46,1
DA:48,3
DA:50,5
DA:51,1
DA:53,1
DA:55,1
DA:61,1
DA:63,3
DA:65,2
DA:66,1
DA:68,1
DA:70,1
DA:76,1
DA:78,3
DA:80,3
DA:81,1
DA:83,1
DA:85,1
DA:91,1
DA:93,3
DA:95,5
DA:96,1
DA:98,1
DA:100,1
DA:106,1
DA:111,3
DA:113,5
DA:114,1
DA:116,1
DA:118,1
DA:124,1
DA:127,2
DA:128,2
DA:130,1
DA:131,1
DA:132,3
DA:137,1
DA:140,2
DA:141,2
DA:143,1
DA:144,1
DA:145,3
DA:150,1
DA:152,3
DA:154,1
DA:155,1
DA:156,3
DA:161,1
DA:163,3
DA:165,5
DA:166,1
DA:167,3
LF:65
LH:65
end_of_record
SF:lib\domain\entities\tv_show_detail.dart
DA:19,16
DA:34,2
DA:35,2
DA:36,2
DA:37,2
DA:38,2
DA:39,2
DA:40,2
DA:41,2
DA:42,2
DA:43,2
DA:44,2
DA:45,2
DA:46,2
DA:47,2
LF:15
LH:15
end_of_record
SF:lib\domain\usecases\add_tv_show_watchlist.dart
DA:8,1
DA:10,1
DA:11,2
LF:3
LH:3
end_of_record
SF:lib\domain\usecases\delete_tv_show_watchlist.dart
DA:8,1
DA:10,1
DA:11,2
LF:3
LH:3
end_of_record
SF:lib\domain\usecases\get_on_the_air_tv_shows.dart
DA:8,1
DA:10,1
DA:11,2
LF:3
LH:3
end_of_record
SF:lib\domain\usecases\get_popular_tv_shows.dart
DA:8,1
DA:10,1
DA:11,2
LF:3
LH:3
end_of_record
SF:lib\domain\usecases\get_top_rated_tv_shows.dart
DA:8,1
DA:10,1
DA:11,2
LF:3
LH:3
end_of_record
SF:lib\domain\usecases\get_tv_show_detail.dart
DA:8,1
DA:10,1
DA:11,2
LF:3
LH:3
end_of_record
SF:lib\domain\usecases\get_tv_show_episodes.dart
DA:8,1
DA:10,1
DA:11,2
LF:3
LH:3
end_of_record
SF:lib\domain\usecases\get_tv_show_recommendations.dart
DA:8,1
DA:10,1
DA:11,2
LF:3
LH:3
end_of_record
SF:lib\domain\usecases\get_tv_show_watchlist_status.dart
DA:8,1
DA:10,1
DA:11,2
LF:3
LH:3
end_of_record
SF:lib\domain\usecases\get_watchlist_tv_shows.dart
DA:8,1
DA:10,1
DA:11,2
LF:3
LH:3
end_of_record
SF:lib\domain\usecases\search_tv_shows.dart
DA:8,1
DA:10,1
DA:11,2
LF:3
LH:3
end_of_record
SF:lib\presentation\bloc\on_the_air_tv_shows_bloc\on_the_air_tv_shows_state.dart
DA:4,2
DA:6,1
DA:7,1
DA:17,2
DA:19,1
DA:20,2
DA:26,2
DA:28,1
DA:29,2
LF:9
LH:9
end_of_record
SF:lib\presentation\bloc\on_the_air_tv_shows_bloc\on_the_air_tv_shows_bloc.dart
DA:12,1
DA:13,2
DA:14,2
DA:15,2
DA:17,3
DA:19,1
DA:20,4
DA:21,3
LF:8
LH:8
end_of_record
SF:lib\presentation\bloc\popular_tv_shows_bloc\popular_tv_shows_state.dart
DA:4,2
DA:6,1
DA:7,1
DA:17,2
DA:19,1
DA:20,2
DA:26,2
DA:28,1
DA:29,2
LF:9
LH:9
end_of_record
SF:lib\presentation\bloc\popular_tv_shows_bloc\popular_tv_shows_bloc.dart
DA:12,1
DA:13,2
DA:14,2
DA:15,2
DA:17,3
DA:19,1
DA:20,4
DA:21,3
LF:8
LH:8
end_of_record
SF:lib\presentation\bloc\top_rated_tv_shows_bloc\top_rated_tv_shows_state.dart
DA:4,2
DA:6,1
DA:7,1
DA:17,2
DA:19,1
DA:20,2
DA:26,2
DA:28,1
DA:29,2
LF:9
LH:9
end_of_record
SF:lib\presentation\bloc\top_rated_tv_shows_bloc\top_rated_tv_shows_bloc.dart
DA:12,1
DA:13,2
DA:14,2
DA:15,2
DA:17,3
DA:19,1
DA:20,4
DA:21,3
LF:8
LH:8
end_of_record
SF:lib\presentation\bloc\tv_show_detail_bloc\tv_show_detail_state.dart
DA:4,2
DA:6,1
DA:7,1
DA:17,2
DA:19,1
DA:20,2
DA:27,2
DA:29,1
DA:30,3
LF:9
LH:9
end_of_record
SF:lib\presentation\bloc\tv_show_detail_bloc\tv_show_detail_bloc.dart
DA:12,1
DA:15,2
DA:16,2
DA:17,2
DA:19,1
DA:20,3
DA:21,3
DA:23,1
DA:24,1
DA:25,3
DA:27,1
DA:28,1
DA:29,1
DA:30,3
DA:32,1
DA:33,2
LF:16
LH:16
end_of_record
SF:lib\presentation\bloc\tv_show_detail_bloc\tv_show_detail_event.dart
DA:4,1
DA:10,1
LF:2
LH:2
end_of_record
SF:lib\presentation\bloc\tv_show_episodes_bloc\tv_show_episodes_state.dart
DA:4,2
DA:6,1
DA:7,1
DA:18,2
DA:20,1
DA:21,2
DA:27,2
DA:29,1
DA:30,2
LF:9
LH:9
end_of_record
SF:lib\presentation\bloc\tv_show_episodes_bloc\tv_show_episodes_event.dart
DA:4,1
DA:11,1
LF:2
LH:2
end_of_record
SF:lib\presentation\bloc\tv_show_episodes_bloc\tv_show_episodes_bloc.dart
DA:12,1
DA:13,2
DA:14,2
DA:15,2
DA:17,1
DA:18,1
DA:20,3
DA:22,1
DA:23,4
DA:24,3
LF:10
LH:10
end_of_record
SF:lib\presentation\bloc\tv_show_search_bloc\tv_show_search_state.dart
DA:4,30
DA:6,1
DA:7,1
DA:17,30
DA:19,1
DA:20,2
DA:26,2
DA:28,1
DA:29,2
LF:9
LH:9
end_of_record
SF:lib\presentation\bloc\tv_show_search_bloc\tv_show_search_event.dart
DA:4,1
DA:10,1
LF:2
LH:2
end_of_record
SF:lib\presentation\bloc\tv_show_search_bloc\tv_show_search_bloc.dart
DA:12,3
DA:13,2
DA:14,2
DA:16,1
DA:17,3
DA:19,1
DA:20,1
DA:21,2
DA:22,1
DA:24,3
DA:27,3
DA:29,1
DA:33,1
DA:34,3
LF:14
LH:14
end_of_record
SF:lib\presentation\bloc\tv_show_watchlist_bloc\tv_show_watchlist_event.dart
DA:4,2
DA:10,2
DA:16,1
DA:22,1
LF:4
LH:4
end_of_record
SF:lib\presentation\bloc\tv_show_watchlist_bloc\tv_show_watchlist_state.dart
DA:4,2
DA:6,1
DA:7,1
DA:15,2
DA:17,1
DA:18,2
DA:24,2
DA:26,1
DA:27,2
DA:33,2
DA:35,1
DA:36,2
DA:42,2
DA:44,1
DA:45,2
LF:15
LH:15
end_of_record
SF:lib\presentation\bloc\tv_show_watchlist_bloc\tv_show_watchlist_bloc.dart
DA:14,1
DA:18,2
DA:19,2
DA:20,1
DA:21,3
DA:23,1
DA:24,4
DA:25,3
DA:29,2
DA:30,1
DA:31,3
DA:33,1
DA:34,4
DA:35,3
DA:38,3
DA:41,2
DA:42,1
DA:43,3
DA:45,1
DA:46,4
DA:47,3
DA:50,3
LF:22
LH:22
end_of_record
SF:lib\presentation\bloc\watchlist_tv_shows_bloc\watchlist_tv_shows_state.dart
DA:4,2
DA:6,1
DA:7,1
DA:17,2
DA:19,1
DA:20,2
DA:26,2
DA:28,1
DA:29,2
LF:9
LH:9
end_of_record
SF:lib\presentation\bloc\watchlist_tv_shows_bloc\watchlist_tv_shows_bloc.dart
DA:12,1
DA:13,2
DA:14,2
DA:15,2
DA:17,3
DA:19,1
DA:20,4
DA:21,3
LF:8
LH:8
end_of_record
