SF:lib\data\models\movie_detail_model.dart
DA:15,4
DA:26,2
DA:27,2
DA:28,2
DA:29,4
DA:30,4
DA:33,2
DA:34,2
DA:35,2
DA:36,2
DA:37,2
DA:38,4
DA:39,2
DA:43,1
DA:44,1
DA:45,5
DA:46,1
DA:47,1
DA:48,1
DA:49,1
DA:50,1
DA:51,1
DA:52,1
DA:56,1
DA:57,1
DA:58,5
DA:59,1
DA:60,1
DA:61,1
DA:62,1
DA:63,1
DA:64,1
DA:65,1
DA:69,2
DA:70,2
DA:71,2
DA:72,2
DA:73,2
DA:74,2
DA:75,2
DA:76,2
DA:77,2
DA:78,2
LF:43
LH:43
end_of_record
SF:lib\data\datasources\movie_remote_data_source.dart
DA:23,1
DA:26,1
DA:27,2
DA:29,3
DA:31,2
DA:32,4
DA:35,1
DA:39,1
DA:40,2
DA:42,3
DA:44,2
DA:45,4
DA:48,1
DA:52,1
DA:53,2
DA:55,3
DA:57,2
DA:58,4
DA:61,1
DA:65,1
DA:66,2
DA:68,3
DA:70,2
DA:71,3
DA:74,1
DA:78,1
DA:79,2
DA:81,3
DA:83,2
DA:84,4
DA:87,1
DA:91,1
DA:92,2
DA:94,3
DA:96,2
DA:97,4
DA:100,1
LF:37
LH:37
end_of_record
SF:lib\data\datasources\movie_local_data_source.dart
DA:18,1
DA:21,1
DA:23,3
DA:27,2
DA:32,1
DA:34,3
DA:38,2
DA:43,1
DA:45,3
DA:47,1
DA:51,2
DA:56,1
DA:58,3
DA:60,4
DA:62,2
LF:15
LH:15
end_of_record
SF:lib\data\models\movie_table.dart
DA:12,3
DA:20,1
DA:21,1
DA:22,1
DA:23,1
DA:24,1
DA:25,1
DA:29,1
DA:30,1
DA:31,1
DA:32,1
DA:33,1
DA:34,1
DA:38,1
DA:39,1
DA:40,1
DA:41,1
DA:42,1
DA:43,1
DA:45,2
DA:49,1
DA:50,1
DA:51,1
DA:52,1
DA:53,1
DA:54,1
DA:58,2
DA:59,10
LF:28
LH:28
end_of_record
SF:lib\domain\entities\movie_detail.dart
DA:14,15
DA:25,2
DA:26,2
DA:27,2
DA:28,2
DA:29,2
DA:30,2
DA:31,2
DA:32,2
DA:33,2
DA:34,2
LF:11
LH:11
end_of_record
SF:lib\data\models\movie_model.dart
DA:10,5
DA:17,2
DA:18,2
DA:19,2
DA:20,2
DA:21,2
DA:22,2
DA:26,1
DA:27,1
DA:28,1
DA:29,1
DA:30,1
DA:31,1
DA:35,2
DA:36,2
DA:37,2
DA:38,2
DA:39,2
DA:40,2
DA:44,2
DA:45,10
LF:21
LH:21
end_of_record
SF:lib\domain\entities\movie.dart
DA:9,18
DA:16,15
DA:23,8
DA:24,40
LF:4
LH:4
end_of_record
SF:lib\data\models\movie_response.dart
DA:7,3
DA:9,2
DA:10,2
DA:11,2
DA:12,4
DA:13,4
DA:19,1
DA:20,1
DA:21,5
DA:25,1
DA:26,2
LF:11
LH:11
end_of_record
SF:lib\data\repositories\movie_repository_impl.dart
DA:10,1
DA:16,1
DA:18,3
DA:20,5
DA:21,1
DA:23,1
DA:29,1
DA:31,3
DA:33,5
DA:34,1
DA:36,1
DA:42,1
DA:44,3
DA:46,5
DA:47,1
DA:49,1
DA:55,1
DA:57,3
DA:59,2
DA:60,1
DA:62,1
DA:68,1
DA:70,3
DA:72,3
DA:73,1
DA:75,1
DA:81,1
DA:83,3
DA:85,5
DA:86,1
DA:88,1
DA:94,1
DA:96,2
DA:97,2
DA:99,1
DA:100,1
DA:101,3
DA:106,1
DA:109,2
DA:110,2
DA:112,1
DA:113,1
DA:114,3
DA:119,1
DA:121,3
DA:123,1
DA:124,1
DA:125,3
DA:130,1
DA:132,3
DA:134,5
DA:135,1
DA:136,3
LF:53
LH:53
end_of_record
SF:lib\domain\usecases\add_movie_watchlist.dart
DA:8,1
DA:10,1
DA:11,2
LF:3
LH:3
end_of_record
SF:lib\domain\usecases\delete_movie_watchlist.dart
DA:8,1
DA:10,1
DA:11,2
LF:3
LH:3
end_of_record
SF:lib\domain\usecases\get_movie_detail.dart
DA:8,1
DA:10,1
DA:11,2
LF:3
LH:3
end_of_record
SF:lib\domain\usecases\get_movie_recommendations.dart
DA:8,1
DA:10,1
DA:11,2
LF:3
LH:3
end_of_record
SF:lib\domain\usecases\get_movie_watchlist_status.dart
DA:8,1
DA:10,1
DA:11,2
LF:3
LH:3
end_of_record
SF:lib\domain\usecases\get_now_playing_movies.dart
DA:8,1
DA:10,1
DA:11,2
LF:3
LH:3
end_of_record
SF:lib\domain\usecases\get_popular_movies.dart
DA:8,1
DA:10,1
DA:11,2
LF:3
LH:3
end_of_record
SF:lib\domain\usecases\get_top_rated_movies.dart
DA:8,1
DA:10,1
DA:11,2
LF:3
LH:3
end_of_record
SF:lib\domain\usecases\get_watchlist_movies.dart
DA:8,1
DA:10,1
DA:11,2
LF:3
LH:3
end_of_record
SF:lib\domain\usecases\search_movies.dart
DA:8,1
DA:10,1
DA:11,2
LF:3
LH:3
end_of_record
SF:lib\presentation\bloc\movie_detail_bloc\movie_detail_state.dart
DA:4,2
DA:6,1
DA:7,1
DA:17,2
DA:19,1
DA:20,2
DA:27,2
DA:29,1
DA:30,3
LF:9
LH:9
end_of_record
SF:lib\presentation\bloc\movie_detail_bloc\movie_detail_event.dart
DA:4,1
DA:10,1
LF:2
LH:2
end_of_record
SF:lib\presentation\bloc\movie_detail_bloc\movie_detail_bloc.dart
DA:12,1
DA:15,2
DA:16,2
DA:17,2
DA:19,1
DA:20,3
DA:21,3
DA:23,1
DA:24,1
DA:25,3
DA:27,1
DA:28,1
DA:29,1
DA:30,3
DA:32,1
DA:33,2
LF:16
LH:16
end_of_record
SF:lib\presentation\bloc\movie_search_bloc\movie_search_event.dart
DA:4,1
DA:10,1
LF:2
LH:2
end_of_record
SF:lib\presentation\bloc\movie_search_bloc\movie_search_state.dart
DA:4,26
DA:6,1
DA:7,1
DA:17,26
DA:19,1
DA:20,2
DA:26,2
DA:28,1
DA:29,2
LF:9
LH:9
end_of_record
SF:lib\presentation\bloc\movie_search_bloc\movie_search_bloc.dart
DA:12,3
DA:13,2
DA:14,2
DA:16,1
DA:17,3
DA:19,1
DA:20,1
DA:21,1
DA:22,1
DA:24,3
DA:27,3
DA:29,1
DA:33,1
DA:34,3
LF:14
LH:14
end_of_record
SF:lib\presentation\bloc\movie_watchlist_bloc\movie_watchlist_event.dart
DA:4,2
DA:10,2
DA:16,1
DA:22,1
LF:4
LH:4
end_of_record
SF:lib\presentation\bloc\movie_watchlist_bloc\movie_watchlist_state.dart
DA:4,2
DA:6,1
DA:7,1
DA:15,2
DA:17,1
DA:18,2
DA:24,2
DA:26,1
DA:27,2
DA:33,2
DA:35,1
DA:36,2
DA:42,2
DA:44,1
DA:45,2
LF:15
LH:15
end_of_record
SF:lib\presentation\bloc\movie_watchlist_bloc\movie_watchlist_bloc.dart
DA:14,1
DA:18,2
DA:19,2
DA:20,1
DA:21,3
DA:23,1
DA:24,4
DA:25,3
DA:29,2
DA:30,1
DA:31,3
DA:33,1
DA:34,4
DA:35,3
DA:38,3
DA:41,2
DA:42,1
DA:43,3
DA:45,1
DA:46,4
DA:47,3
DA:50,3
LF:22
LH:22
end_of_record
SF:lib\presentation\bloc\now_playing_movies_bloc\now_playing_movies_state.dart
DA:4,2
DA:6,1
DA:7,1
DA:17,2
DA:19,1
DA:20,2
DA:26,2
DA:28,1
DA:29,2
LF:9
LH:9
end_of_record
SF:lib\presentation\bloc\now_playing_movies_bloc\now_playing_movies_bloc.dart
DA:12,1
DA:13,2
DA:14,2
DA:15,2
DA:17,3
DA:19,1
DA:20,4
DA:21,3
LF:8
LH:8
end_of_record
SF:lib\presentation\bloc\popular_movies_bloc\popular_movies_state.dart
DA:4,2
DA:6,1
DA:7,1
DA:17,2
DA:19,1
DA:20,2
DA:26,2
DA:28,1
DA:29,2
LF:9
LH:9
end_of_record
SF:lib\presentation\bloc\popular_movies_bloc\popular_movies_bloc.dart
DA:11,1
DA:12,2
DA:13,2
DA:14,2
DA:16,3
DA:18,1
DA:19,4
DA:20,3
LF:8
LH:8
end_of_record
SF:lib\presentation\bloc\top_rated_movies_bloc\top_rated_movies_bloc.dart
DA:12,1
DA:13,2
DA:14,2
DA:15,2
DA:17,3
DA:19,1
DA:20,4
DA:21,3
LF:8
LH:8
end_of_record
SF:lib\presentation\bloc\top_rated_movies_bloc\top_rated_movies_state.dart
DA:4,2
DA:6,1
DA:7,1
DA:17,2
DA:19,1
DA:20,2
DA:26,2
DA:28,1
DA:29,2
LF:9
LH:9
end_of_record
SF:lib\presentation\bloc\watchlist_movies_bloc\watchlist_movies_bloc.dart
DA:12,1
DA:13,2
DA:14,2
DA:15,2
DA:17,3
DA:19,1
DA:20,4
DA:21,3
LF:8
LH:8
end_of_record
SF:lib\presentation\bloc\watchlist_movies_bloc\watchlist_movies_state.dart
DA:4,2
DA:6,1
DA:7,1
DA:17,2
DA:19,1
DA:20,2
DA:26,2
DA:28,1
DA:29,2
LF:9
LH:9
end_of_record
